0 info it worked if it ends with ok
1 verbose cli [ 'C:\\Program Files\\nodejs\\\\node.exe',
1 verbose cli   'C:\\Program Files\\nodejs\\node_modules\\npm\\bin\\npm-cli.js',
1 verbose cli   'publish' ]
2 info using npm@2.5.1
3 info using node@v0.12.0
4 verbose node symlink C:\Program Files\nodejs\\node.exe
5 verbose publish [ '.' ]
6 silly cache add args [ '.', null ]
7 verbose cache add spec .
8 silly cache add parsed spec { raw: '.',
8 silly cache add   scope: null,
8 silly cache add   name: null,
8 silly cache add   rawSpec: '.',
8 silly cache add   spec: 'd:\\Projects\\AtlasUI\\AtlasUI\\src\\scripts\\components\\FirstComponent',
8 silly cache add   type: 'directory' }
9 verbose addLocalDirectory C:\Users\Asus\AppData\Roaming\npm-cache\atlas-firstcomponent\0.0.2\package.tgz not in flight; packing
10 verbose tar pack [ 'C:\\Users\\Asus\\AppData\\Roaming\\npm-cache\\atlas-firstcomponent\\0.0.2\\package.tgz',
10 verbose tar pack   'd:\\Projects\\AtlasUI\\AtlasUI\\src\\scripts\\components\\FirstComponent' ]
11 verbose tarball C:\Users\Asus\AppData\Roaming\npm-cache\atlas-firstcomponent\0.0.2\package.tgz
12 verbose folder d:\Projects\AtlasUI\AtlasUI\src\scripts\components\FirstComponent
13 info prepublish atlas-firstcomponent@0.0.2
14 verbose addLocalTarball adding from inside cache C:\Users\Asus\AppData\Roaming\npm-cache\atlas-firstcomponent\0.0.2\package.tgz
15 silly cache afterAdd atlas-firstcomponent@0.0.2
16 verbose afterAdd C:\Users\Asus\AppData\Roaming\npm-cache\atlas-firstcomponent\0.0.2\package\package.json not in flight; writing
17 verbose afterAdd C:\Users\Asus\AppData\Roaming\npm-cache\atlas-firstcomponent\0.0.2\package\package.json written
18 silly publish { name: 'atlas-firstcomponent',
18 silly publish   version: '0.0.2',
18 silly publish   description: 'Just component for the test',
18 silly publish   main: 'FirstComponent.jsx',
18 silly publish   scripts: { test: 'echo "Error: no test specified" && exit 1' },
18 silly publish   repository:
18 silly publish    { type: 'git',
18 silly publish      url: 'https://github.com/DimaYasenko/AtlasUI.git' },
18 silly publish   keywords: [ 'jsx', 'reactjs' ],
18 silly publish   author: { name: 'Alexander Rudy' },
18 silly publish   license: 'MIT',
18 silly publish   bugs: { url: 'https://github.com/DimaYasenko/AtlasUI/issues' },
18 silly publish   homepage: 'https://github.com/DimaYasenko/AtlasUI',
18 silly publish   readme: 'ERROR: No README data found!',
18 silly publish   _id: 'atlas-firstcomponent@0.0.2',
18 silly publish   _shasum: 'dfd37721ca1e4bcfb94f89f44637399cf3bb2594',
18 silly publish   _from: '.' }
19 silly mapToRegistry name atlas-firstcomponent
20 silly mapToRegistry using default registry
21 silly mapToRegistry registry https://registry.npmjs.org/
22 silly mapToRegistry uri https://registry.npmjs.org/atlas-firstcomponent
23 verbose publish registryBase https://registry.npmjs.org/
24 silly publish uploading C:\Users\Asus\AppData\Roaming\npm-cache\atlas-firstcomponent\0.0.2\package.tgz
25 verbose request uri https://registry.npmjs.org/atlas-firstcomponent
26 verbose request sending authorization for write operation
27 info attempt registry request try #1 at 15:17:14
28 verbose request using bearer token for auth
29 verbose request id c92baa2e55a56fc4
30 http request PUT https://registry.npmjs.org/atlas-firstcomponent
31 http 403 https://registry.npmjs.org/atlas-firstcomponent
32 verbose headers { 'content-type': 'application/json',
32 verbose headers   'cache-control': 'max-age=60',
32 verbose headers   'content-length': '95',
32 verbose headers   'accept-ranges': 'bytes',
32 verbose headers   date: 'Tue, 14 Jul 2015 12:17:14 GMT',
32 verbose headers   via: '1.1 varnish',
32 verbose headers   connection: 'keep-alive',
32 verbose headers   'x-served-by': 'cache-lhr6327-LHR',
32 verbose headers   'x-cache': 'MISS',
32 verbose headers   'x-cache-hits': '0',
32 verbose headers   'x-timer': 'S1436876233.408198,VS0,VE886' }
33 verbose request invalidating C:\Users\Asus\AppData\Roaming\npm-cache\registry.npmjs.org\atlas-firstcomponent on PUT
34 error publish Failed PUT 403
35 verbose stack Error: "You cannot publish over the previously published version 0.0.2." : atlas-firstcomponent
35 verbose stack     at CachingRegistryClient.<anonymous> (C:\Program Files\nodejs\node_modules\npm\node_modules\npm-registry-client\lib\request.js:254:14)
35 verbose stack     at Request._callback (C:\Program Files\nodejs\node_modules\npm\node_modules\npm-registry-client\lib\request.js:178:14)
35 verbose stack     at Request.self.callback (C:\Program Files\nodejs\node_modules\npm\node_modules\request\request.js:344:22)
35 verbose stack     at Request.emit (events.js:110:17)
35 verbose stack     at Request.<anonymous> (C:\Program Files\nodejs\node_modules\npm\node_modules\request\request.js:1239:14)
35 verbose stack     at Request.emit (events.js:129:20)
35 verbose stack     at IncomingMessage.<anonymous> (C:\Program Files\nodejs\node_modules\npm\node_modules\request\request.js:1187:12)
35 verbose stack     at IncomingMessage.emit (events.js:129:20)
35 verbose stack     at _stream_readable.js:908:16
35 verbose stack     at process._tickCallback (node.js:355:11)
36 verbose statusCode 403
37 verbose pkgid atlas-firstcomponent
38 verbose cwd d:\Projects\AtlasUI\AtlasUI\src\scripts\components\FirstComponent
39 error Windows_NT 6.1.7601
40 error argv "C:\\Program Files\\nodejs\\\\node.exe" "C:\\Program Files\\nodejs\\node_modules\\npm\\bin\\npm-cli.js" "publish"
41 error node v0.12.0
42 error npm  v2.5.1
43 error code E403
44 error "You cannot publish over the previously published version 0.0.2." : atlas-firstcomponent
45 error If you need help, you may report this error at:
45 error     <http://github.com/npm/npm/issues>
46 verbose exit [ 1, true ]
